{"/home/admin/projects/microserv_study/02/ticketing/orders/src/app.ts": {"path":"/home/admin/projects/microserv_study/02/ticketing/orders/src/app.ts","statementMap":{"0":{"start":{"line":1,"column":0},"end":{"line":1,"column":30}},"1":{"start":{"line":2,"column":0},"end":{"line":2,"column":30}},"2":{"start":{"line":3,"column":0},"end":{"line":3,"column":35}},"3":{"start":{"line":5,"column":0},"end":{"line":5,"column":43}},"4":{"start":{"line":7,"column":0},"end":{"line":7,"column":77}},"5":{"start":{"line":9,"column":0},"end":{"line":9,"column":51}},"6":{"start":{"line":10,"column":0},"end":{"line":10,"column":47}},"7":{"start":{"line":11,"column":0},"end":{"line":11,"column":52}},"8":{"start":{"line":12,"column":0},"end":{"line":12,"column":49}},"9":{"start":{"line":13,"column":0},"end":{"line":13,"column":53}},"10":{"start":{"line":16,"column":21},"end":{"line":16,"column":25}},"11":{"start":{"line":17,"column":12},"end":{"line":17,"column":21}},"12":{"start":{"line":47,"column":9},"end":{"line":47,"column":12}},"13":{"start":{"line":18,"column":0},"end":{"line":18,"column":null}},"14":{"start":{"line":21,"column":0},"end":{"line":21,"column":16}},"15":{"start":{"line":23,"column":0},"end":{"line":29,"column":2}},"16":{"start":{"line":32,"column":0},"end":{"line":32,"column":21}},"17":{"start":{"line":35,"column":0},"end":{"line":35,"column":27}},"18":{"start":{"line":36,"column":0},"end":{"line":36,"column":25}},"19":{"start":{"line":37,"column":0},"end":{"line":37,"column":26}},"20":{"start":{"line":38,"column":0},"end":{"line":38,"column":27}},"21":{"start":{"line":39,"column":0},"end":{"line":39,"column":28}},"22":{"start":{"line":41,"column":0},"end":{"line":43,"column":null}},"23":{"start":{"line":41,"column":24},"end":{"line":43,"column":2}},"24":{"start":{"line":42,"column":4},"end":{"line":42,"column":30}},"25":{"start":{"line":45,"column":0},"end":{"line":45,"column":22}}},"fnMap":{"0":{"name":"(anonymous_8)","decl":{"start":{"line":41,"column":13},"end":{"line":41,"column":22}},"loc":{"start":{"line":41,"column":24},"end":{"line":43,"column":2}}},"1":{"name":"(anonymous_9)","decl":{"start":{"line":41,"column":24},"end":{"line":41,"column":null}},"loc":{"start":{"line":41,"column":24},"end":{"line":43,"column":1}}}},"branchMap":{},"s":{"0":5,"1":5,"2":5,"3":5,"4":5,"5":5,"6":5,"7":5,"8":5,"9":5,"10":5,"11":5,"12":5,"13":5,"14":5,"15":5,"16":5,"17":5,"18":5,"19":5,"20":5,"21":5,"22":5,"23":0,"24":0,"25":5},"f":{"0":0,"1":0},"b":{}}
,"/home/admin/projects/microserv_study/02/ticketing/orders/src/models/order.ts": {"path":"/home/admin/projects/microserv_study/02/ticketing/orders/src/models/order.ts","statementMap":{"0":{"start":{"line":1,"column":0},"end":{"line":1,"column":32}},"1":{"start":{"line":2,"column":0},"end":{"line":2,"column":9}},"2":{"start":{"line":4,"column":9},"end":{"line":2,"column":48}},"3":{"start":{"line":25,"column":20},"end":{"line":51,"column":2}},"4":{"start":{"line":47,"column":12},"end":{"line":47,"column":29}},"5":{"start":{"line":48,"column":12},"end":{"line":48,"column":27}},"6":{"start":{"line":53,"column":0},"end":{"line":55,"column":null}},"7":{"start":{"line":54,"column":4},"end":{"line":54,"column":28}},"8":{"start":{"line":57,"column":14},"end":{"line":57,"column":72}},"9":{"start":{"line":59,"column":9},"end":{"line":59,"column":14}}},"fnMap":{"0":{"name":"(anonymous_1)","decl":{"start":{"line":4,"column":9},"end":{"line":4,"column":20}},"loc":{"start":{"line":4,"column":9},"end":{"line":2,"column":48}}},"1":{"name":"(anonymous_2)","decl":{"start":{"line":46,"column":8},"end":{"line":46,"column":17}},"loc":{"start":{"line":46,"column":26},"end":{"line":49,"column":9}}},"2":{"name":"(anonymous_3)","decl":{"start":{"line":53,"column":28},"end":{"line":53,"column":29}},"loc":{"start":{"line":53,"column":50},"end":{"line":55,"column":1}}}},"branchMap":{},"s":{"0":5,"1":5,"2":9,"3":5,"4":0,"5":0,"6":5,"7":1,"8":5,"9":5},"f":{"0":4,"1":0,"2":1},"b":{}}
,"/home/admin/projects/microserv_study/02/ticketing/orders/src/models/ticket.ts": {"path":"/home/admin/projects/microserv_study/02/ticketing/orders/src/models/ticket.ts","statementMap":{"0":{"start":{"line":1,"column":0},"end":{"line":1,"column":32}},"1":{"start":{"line":2,"column":0},"end":{"line":2,"column":45}},"2":{"start":{"line":19,"column":21},"end":{"line":36,"column":2}},"3":{"start":{"line":32,"column":12},"end":{"line":32,"column":29}},"4":{"start":{"line":33,"column":12},"end":{"line":33,"column":null}},"5":{"start":{"line":38,"column":0},"end":{"line":40,"column":null}},"6":{"start":{"line":39,"column":4},"end":{"line":39,"column":29}},"7":{"start":{"line":42,"column":0},"end":{"line":59,"column":null}},"8":{"start":{"line":47,"column":26},"end":{"line":56,"column":6}},"9":{"start":{"line":58,"column":4},"end":{"line":58,"column":27}},"10":{"start":{"line":60,"column":15},"end":{"line":60,"column":77}},"11":{"start":{"line":62,"column":9},"end":{"line":62,"column":15}}},"fnMap":{"0":{"name":"(anonymous_8)","decl":{"start":{"line":31,"column":8},"end":{"line":31,"column":17}},"loc":{"start":{"line":31,"column":26},"end":{"line":34,"column":9}}},"1":{"name":"(anonymous_9)","decl":{"start":{"line":38,"column":29},"end":{"line":38,"column":30}},"loc":{"start":{"line":38,"column":52},"end":{"line":40,"column":1}}},"2":{"name":"(anonymous_10)","decl":{"start":{"line":42,"column":34},"end":{"line":42,"column":null}},"loc":{"start":{"line":42,"column":34},"end":{"line":59,"column":null}}}},"branchMap":{},"s":{"0":5,"1":5,"2":5,"3":0,"4":0,"5":5,"6":1,"7":5,"8":1,"9":1,"10":5,"11":5},"f":{"0":0,"1":1,"2":1},"b":{}}
,"/home/admin/projects/microserv_study/02/ticketing/orders/src/routes/delete.ts": {"path":"/home/admin/projects/microserv_study/02/ticketing/orders/src/routes/delete.ts","statementMap":{"0":{"start":{"line":1,"column":0},"end":{"line":1,"column":53}},"1":{"start":{"line":4,"column":15},"end":{"line":4,"column":31}},"2":{"start":{"line":10,"column":19},"end":{"line":10,"column":36}},"3":{"start":{"line":6,"column":0},"end":{"line":8,"column":3}},"4":{"start":{"line":6,"column":76},"end":{"line":8,"column":2}},"5":{"start":{"line":7,"column":4},"end":{"line":7,"column":33}}},"fnMap":{"0":{"name":"(anonymous_8)","decl":{"start":{"line":6,"column":38},"end":{"line":6,"column":45}},"loc":{"start":{"line":6,"column":76},"end":{"line":8,"column":2}}},"1":{"name":"(anonymous_9)","decl":{"start":{"line":6,"column":76},"end":{"line":6,"column":null}},"loc":{"start":{"line":6,"column":76},"end":{"line":8,"column":1}}}},"branchMap":{},"s":{"0":5,"1":5,"2":5,"3":5,"4":1,"5":1},"f":{"0":1,"1":1},"b":{}}
,"/home/admin/projects/microserv_study/02/ticketing/orders/src/routes/index.ts": {"path":"/home/admin/projects/microserv_study/02/ticketing/orders/src/routes/index.ts","statementMap":{"0":{"start":{"line":1,"column":0},"end":{"line":1,"column":53}},"1":{"start":{"line":4,"column":15},"end":{"line":4,"column":31}},"2":{"start":{"line":10,"column":19},"end":{"line":10,"column":36}},"3":{"start":{"line":6,"column":0},"end":{"line":8,"column":3}},"4":{"start":{"line":6,"column":64},"end":{"line":8,"column":2}},"5":{"start":{"line":7,"column":4},"end":{"line":7,"column":22}}},"fnMap":{"0":{"name":"(anonymous_8)","decl":{"start":{"line":6,"column":26},"end":{"line":6,"column":33}},"loc":{"start":{"line":6,"column":64},"end":{"line":8,"column":2}}},"1":{"name":"(anonymous_9)","decl":{"start":{"line":6,"column":64},"end":{"line":6,"column":null}},"loc":{"start":{"line":6,"column":64},"end":{"line":8,"column":1}}}},"branchMap":{},"s":{"0":5,"1":5,"2":5,"3":5,"4":1,"5":1},"f":{"0":1,"1":1},"b":{}}
,"/home/admin/projects/microserv_study/02/ticketing/orders/src/routes/new.ts": {"path":"/home/admin/projects/microserv_study/02/ticketing/orders/src/routes/new.ts","statementMap":{"0":{"start":{"line":1,"column":0},"end":{"line":1,"column":53}},"1":{"start":{"line":2,"column":0},"end":{"line":2,"column":110}},"2":{"start":{"line":3,"column":0},"end":{"line":3,"column":41}},"3":{"start":{"line":4,"column":0},"end":{"line":4,"column":32}},"4":{"start":{"line":6,"column":0},"end":{"line":6,"column":42}},"5":{"start":{"line":7,"column":0},"end":{"line":7,"column":40}},"6":{"start":{"line":10,"column":15},"end":{"line":10,"column":31}},"7":{"start":{"line":55,"column":19},"end":{"line":55,"column":34}},"8":{"start":{"line":11,"column":34},"end":{"line":11,"column":41}},"9":{"start":{"line":12,"column":0},"end":{"line":53,"column":7}},"10":{"start":{"line":19,"column":39},"end":{"line":19,"column":77}},"11":{"start":{"line":23,"column":42},"end":{"line":53,"column":6}},"12":{"start":{"line":24,"column":29},"end":{"line":24,"column":37}},"13":{"start":{"line":27,"column":23},"end":{"line":27,"column":54}},"14":{"start":{"line":28,"column":8},"end":{"line":30,"column":null}},"15":{"start":{"line":29,"column":12},"end":{"line":29,"column":38}},"16":{"start":{"line":33,"column":27},"end":{"line":33,"column":52}},"17":{"start":{"line":34,"column":8},"end":{"line":36,"column":null}},"18":{"start":{"line":35,"column":12},"end":{"line":35,"column":71}},"19":{"start":{"line":39,"column":27},"end":{"line":39,"column":37}},"20":{"start":{"line":40,"column":8},"end":{"line":40,"column":83}},"21":{"start":{"line":43,"column":22},"end":{"line":48,"column":10}},"22":{"start":{"line":49,"column":8},"end":{"line":49,"column":27}},"23":{"start":{"line":52,"column":8},"end":{"line":52,"column":36}}},"fnMap":{"0":{"name":"(anonymous_8)","decl":{"start":{"line":19,"column":20},"end":{"line":19,"column":21}},"loc":{"start":{"line":19,"column":39},"end":{"line":19,"column":77}}},"1":{"name":"(anonymous_9)","decl":{"start":{"line":23,"column":4},"end":{"line":23,"column":11}},"loc":{"start":{"line":23,"column":42},"end":{"line":53,"column":6}}},"2":{"name":"(anonymous_10)","decl":{"start":{"line":23,"column":42},"end":{"line":23,"column":null}},"loc":{"start":{"line":23,"column":42},"end":{"line":53,"column":5}}}},"branchMap":{"0":{"loc":{"start":{"line":28,"column":8},"end":{"line":30,"column":null}},"type":"if","locations":[{"start":{"line":28,"column":8},"end":{"line":30,"column":null}}]},"1":{"loc":{"start":{"line":34,"column":8},"end":{"line":36,"column":null}},"type":"if","locations":[{"start":{"line":34,"column":8},"end":{"line":36,"column":null}}]}},"s":{"0":5,"1":5,"2":5,"3":5,"4":5,"5":5,"6":5,"7":5,"8":5,"9":5,"10":2,"11":2,"12":2,"13":2,"14":2,"15":1,"16":1,"17":1,"18":1,"19":0,"20":0,"21":0,"22":0,"23":0},"f":{"0":2,"1":2,"2":2},"b":{"0":[1],"1":[1]}}
,"/home/admin/projects/microserv_study/02/ticketing/orders/src/routes/show.ts": {"path":"/home/admin/projects/microserv_study/02/ticketing/orders/src/routes/show.ts","statementMap":{"0":{"start":{"line":1,"column":0},"end":{"line":1,"column":53}},"1":{"start":{"line":4,"column":15},"end":{"line":4,"column":31}},"2":{"start":{"line":10,"column":19},"end":{"line":10,"column":35}},"3":{"start":{"line":6,"column":0},"end":{"line":8,"column":3}},"4":{"start":{"line":6,"column":73},"end":{"line":8,"column":2}},"5":{"start":{"line":7,"column":4},"end":{"line":7,"column":33}}},"fnMap":{"0":{"name":"(anonymous_8)","decl":{"start":{"line":6,"column":35},"end":{"line":6,"column":42}},"loc":{"start":{"line":6,"column":73},"end":{"line":8,"column":2}}},"1":{"name":"(anonymous_9)","decl":{"start":{"line":6,"column":73},"end":{"line":6,"column":null}},"loc":{"start":{"line":6,"column":73},"end":{"line":8,"column":1}}}},"branchMap":{},"s":{"0":5,"1":5,"2":5,"3":5,"4":1,"5":1},"f":{"0":1,"1":1},"b":{}}
,"/home/admin/projects/microserv_study/02/ticketing/orders/src/routes/update.ts": {"path":"/home/admin/projects/microserv_study/02/ticketing/orders/src/routes/update.ts","statementMap":{"0":{"start":{"line":1,"column":0},"end":{"line":1,"column":53}},"1":{"start":{"line":4,"column":15},"end":{"line":4,"column":31}},"2":{"start":{"line":10,"column":19},"end":{"line":10,"column":37}},"3":{"start":{"line":6,"column":0},"end":{"line":8,"column":3}},"4":{"start":{"line":6,"column":73},"end":{"line":8,"column":2}},"5":{"start":{"line":7,"column":4},"end":{"line":7,"column":24}}},"fnMap":{"0":{"name":"(anonymous_8)","decl":{"start":{"line":6,"column":35},"end":{"line":6,"column":42}},"loc":{"start":{"line":6,"column":73},"end":{"line":8,"column":2}}},"1":{"name":"(anonymous_9)","decl":{"start":{"line":6,"column":73},"end":{"line":6,"column":null}},"loc":{"start":{"line":6,"column":73},"end":{"line":8,"column":1}}}},"branchMap":{},"s":{"0":5,"1":5,"2":5,"3":5,"4":1,"5":1},"f":{"0":1,"1":1},"b":{}}
}
