TN:
SF:src/app.ts
FN:41,(anonymous_8)
FN:41,(anonymous_9)
FNF:2
FNH:0
FNDA:0,(anonymous_8)
FNDA:0,(anonymous_9)
DA:1,5
DA:2,5
DA:3,5
DA:5,5
DA:7,5
DA:9,5
DA:10,5
DA:11,5
DA:12,5
DA:13,5
DA:16,5
DA:17,5
DA:18,5
DA:21,5
DA:23,5
DA:32,5
DA:35,5
DA:36,5
DA:37,5
DA:38,5
DA:39,5
DA:41,5
DA:42,0
DA:45,5
DA:47,5
LF:25
LH:24
BRF:0
BRH:0
end_of_record
TN:
SF:src/models/order.ts
FN:4,(anonymous_1)
FN:46,(anonymous_2)
FN:53,(anonymous_3)
FNF:3
FNH:2
FNDA:4,(anonymous_1)
FNDA:0,(anonymous_2)
FNDA:1,(anonymous_3)
DA:1,5
DA:2,5
DA:4,9
DA:25,5
DA:47,0
DA:48,0
DA:53,5
DA:54,1
DA:57,5
DA:59,5
LF:10
LH:8
BRF:0
BRH:0
end_of_record
TN:
SF:src/models/ticket.ts
FN:31,(anonymous_8)
FN:38,(anonymous_9)
FN:42,(anonymous_10)
FNF:3
FNH:2
FNDA:0,(anonymous_8)
FNDA:1,(anonymous_9)
FNDA:1,(anonymous_10)
DA:1,5
DA:2,5
DA:19,5
DA:32,0
DA:33,0
DA:38,5
DA:39,1
DA:42,5
DA:47,1
DA:58,1
DA:60,5
DA:62,5
LF:12
LH:10
BRF:0
BRH:0
end_of_record
TN:
SF:src/routes/delete.ts
FN:6,(anonymous_8)
FN:6,(anonymous_9)
FNF:2
FNH:2
FNDA:1,(anonymous_8)
FNDA:1,(anonymous_9)
DA:1,5
DA:4,5
DA:6,5
DA:7,1
DA:10,5
LF:5
LH:5
BRF:0
BRH:0
end_of_record
TN:
SF:src/routes/index.ts
FN:6,(anonymous_8)
FN:6,(anonymous_9)
FNF:2
FNH:2
FNDA:1,(anonymous_8)
FNDA:1,(anonymous_9)
DA:1,5
DA:4,5
DA:6,5
DA:7,1
DA:10,5
LF:5
LH:5
BRF:0
BRH:0
end_of_record
TN:
SF:src/routes/new.ts
FN:19,(anonymous_8)
FN:23,(anonymous_9)
FN:23,(anonymous_10)
FNF:3
FNH:3
FNDA:2,(anonymous_8)
FNDA:2,(anonymous_9)
FNDA:2,(anonymous_10)
DA:1,5
DA:2,5
DA:3,5
DA:4,5
DA:6,5
DA:7,5
DA:10,5
DA:11,5
DA:12,5
DA:19,2
DA:23,2
DA:24,2
DA:27,2
DA:28,2
DA:29,1
DA:33,1
DA:34,1
DA:35,1
DA:39,0
DA:40,0
DA:43,0
DA:49,0
DA:52,0
DA:55,5
LF:24
LH:19
BRDA:28,0,0,1
BRDA:34,1,0,1
BRF:2
BRH:2
end_of_record
TN:
SF:src/routes/show.ts
FN:6,(anonymous_8)
FN:6,(anonymous_9)
FNF:2
FNH:2
FNDA:1,(anonymous_8)
FNDA:1,(anonymous_9)
DA:1,5
DA:4,5
DA:6,5
DA:7,1
DA:10,5
LF:5
LH:5
BRF:0
BRH:0
end_of_record
TN:
SF:src/routes/update.ts
FN:6,(anonymous_8)
FN:6,(anonymous_9)
FNF:2
FNH:2
FNDA:1,(anonymous_8)
FNDA:1,(anonymous_9)
DA:1,5
DA:4,5
DA:6,5
DA:7,1
DA:10,5
LF:5
LH:5
BRF:0
BRH:0
end_of_record
